[00:14:25] [ServerMain/INFO]: [bootstrap] Running Java 21 (Java HotSpot(TM) 64-Bit Server VM 21.0.5+9-LTS-239; Oracle Corporation null) on Linux 6.1.0-27-cloud-amd64 (amd64)
[00:14:25] [ServerMain/INFO]: [bootstrap] Loading Paper 1.21.3-27-master@661839e (2024-11-11T19:22:47Z) for Minecraft 1.21.3
[00:14:25] [ServerMain/INFO]: [PluginInitializerManager] Initializing plugins...
[00:14:26] [ServerMain/INFO]: [PluginInitializerManager] Initialized 3 plugins
[00:14:26] [ServerMain/INFO]: [PluginInitializerManager] Bukkit plugins (3):
 - ChestLock (1.4.4), ImageFrame (1.7.10.0), LuckPerms (5.4.131)
[00:14:34] [ServerMain/INFO]: Environment: Environment[sessionHost=https://sessionserver.mojang.com, servicesHost=https://api.minecraftservices.com, name=PROD]
[00:14:39] [ServerMain/INFO]: Loaded 1337 recipes
[00:14:39] [ServerMain/INFO]: Loaded 1448 advancements
[00:14:39] [Server thread/INFO]: Starting minecraft server version 1.21.3
[00:14:39] [Server thread/INFO]: Loading properties
[00:14:39] [Server thread/INFO]: This server is running Paper version 1.21.3-27-master@661839e (2024-11-11T19:22:47Z) (Implementing API version 1.21.3-R0.1-SNAPSHOT)
[00:14:40] [Server thread/INFO]: [spark] This server bundles the spark profiler. For more information please visit https://docs.papermc.io/paper/profiling
[00:14:40] [Server thread/INFO]: Server Ping Player Sample Count: 12
[00:14:40] [Server thread/INFO]: Using 4 threads for Netty based IO
[00:14:42] [Server thread/INFO]: [ca.spottedleaf.moonrise.common.util.MoonriseCommon] Paper is using 1 worker threads, 1 I/O threads
[00:14:42] [Server thread/INFO]: [ca.spottedleaf.moonrise.patches.chunk_system.scheduling.ChunkTaskScheduler] Chunk system is using population gen parallelism: true
[00:14:43] [Server thread/INFO]: Default game type: SURVIVAL
[00:14:43] [Server thread/INFO]: Generating keypair
[00:14:43] [Server thread/INFO]: Starting Minecraft server on *:25565
[00:14:43] [Server thread/INFO]: Using epoll channel type
[00:14:43] [Server thread/INFO]: Paper: Using libdeflate (Linux x86_64) compression from Velocity.
[00:14:43] [Server thread/INFO]: Paper: Using OpenSSL 3.x.x (Linux x86_64) cipher from Velocity.
[00:14:44] [Server thread/INFO]: [LuckPerms] Loading server plugin LuckPerms v5.4.131
[00:14:45] [Server thread/INFO]: [ImageFrame] Loading server plugin ImageFrame v1.7.10.0
[00:14:45] [Server thread/INFO]: [ChestLock] Loading server plugin ChestLock v1.4.4
[00:14:45] [Server thread/INFO]: Server permissions file permissions.yml is empty, ignoring it
[00:14:45] [Server thread/INFO]: [LuckPerms] Enabling LuckPerms v5.4.131
[00:14:45] [Server thread/INFO]:         __    
[00:14:45] [Server thread/INFO]:   |    |__)   LuckPerms v5.4.131
[00:14:45] [Server thread/INFO]:   |___ |      Running on Bukkit - Paper
[00:14:45] [Server thread/INFO]: 
[00:14:45] [Server thread/INFO]: [LuckPerms] Loading configuration...
[00:14:46] [Server thread/INFO]: [LuckPerms] Loading storage provider... [H2]
[00:14:47] [Server thread/INFO]: [LuckPerms] Loading internal permission managers...
[00:14:47] [Server thread/INFO]: [LuckPerms] Performing initial data load...
[00:14:47] [Server thread/INFO]: [LuckPerms] Successfully enabled. (took 2596ms)
[00:14:47] [Server thread/INFO]: Preparing level "world"
[00:14:49] [Server thread/INFO]: Preparing start region for dimension minecraft:overworld
[00:14:49] [Server thread/INFO]: Preparing spawn area: 0%
[00:14:49] [Server thread/INFO]: Preparing spawn area: 0%
[00:14:50] [Server thread/INFO]: Preparing spawn area: 2%
[00:14:50] [Paper Common Worker #0/INFO]: [ca.spottedleaf.dataconverter.minecraft.datatypes.MCTypeRegistry] Initialising converters for DataConverter...
[00:14:51] [Paper Common Worker #0/INFO]: [ca.spottedleaf.dataconverter.minecraft.datatypes.MCTypeRegistry] Finished initialising converters for DataConverter in 910.2ms
[00:14:51] [Server thread/INFO]: Preparing spawn area: 2%
[00:14:51] [Server thread/INFO]: Preparing spawn area: 2%
[00:14:51] [Server thread/INFO]: Preparing spawn area: 18%
[00:14:53] [Server thread/INFO]: Preparing spawn area: 44%
[00:14:53] [Server thread/INFO]: Preparing spawn area: 44%
[00:14:53] [Server thread/INFO]: Time elapsed: 3707 ms
[00:14:53] [Server thread/INFO]: Preparing start region for dimension minecraft:the_nether
[00:14:53] [Server thread/INFO]: Preparing spawn area: 0%
[00:14:53] [Server thread/INFO]: Preparing spawn area: 61%
[00:14:53] [Server thread/INFO]: Time elapsed: 562 ms
[00:14:53] [Server thread/INFO]: Preparing start region for dimension minecraft:the_end
[00:14:53] [Server thread/INFO]: Preparing spawn area: 0%
[00:14:54] [Server thread/INFO]: Time elapsed: 352 ms
[00:14:54] [Server thread/INFO]: [ImageFrame] Enabling ImageFrame v1.7.10.0
[00:14:54] [Server thread/INFO]: [ImageFrame] This version of minecraft is unsupported! (Unsupported)
[00:14:55] [Server thread/INFO]: [ImageFrame] ImageFrame has been Enabled!
[00:14:55] [Server thread/INFO]: [ChestLock] Enabling ChestLock v1.4.4
[00:14:55] [Server thread/INFO]: [ChestLock] Checking for updates...
[00:14:56] [Server thread/INFO]: [ChestLock] ChestLock is up to date!
[00:14:56] [Server thread/INFO]: [ChestLock] Please report bugs on discord: unsocial6136
[00:14:56] [Server thread/INFO]: [spark] Starting background profiler...
[00:14:56] [Server thread/INFO]: Done preparing level "world" (9.301s)
[00:14:56] [Server thread/INFO]: Running delayed init tasks
[00:14:56] [Server thread/INFO]: Done (33.582s)! For help, type "help"
[00:14:56] [Craft Scheduler Thread - 3 - ImageFrame/INFO]: [ImageFrame] Data loading completed! Loaded 0 ImageMaps!
[00:15:01] [Server thread/INFO]: Made cakeass a server operator
[00:15:08] [User Authenticator #0/INFO]: UUID of player cakeass is 3b1a7782-02fd-41bd-91ef-3f9222480182
[00:15:09] [Server thread/INFO]: cakeass joined the game
[00:15:09] [Server thread/INFO]: cakeass[/87.67.137.118:62049] logged in with entity id 21 at ([world]193.70566245824867, 119.0, 534.7939098313587)
[00:15:16] [Server thread/WARN]: Can't keep up! Is the server overloaded? Running 2561ms or 51 ticks behind
[00:15:32] [Server thread/INFO]: cakeass issued server command: /lp
[00:15:35] [Server thread/INFO]: cakeass issued server command: /lp help
[00:16:44] [Server thread/INFO]: cakeass issued server command: /lp creategroup lijper
[00:16:44] [luckperms-command-executor/INFO]: [LP] LOG > (cakeass) [G] (lijper)
[00:16:44] [luckperms-command-executor/INFO]: [LP] LOG > create
[00:17:54] [Server thread/INFO]: cakeass issued server command: /lp user cakeass parent add lijper
[00:17:54] [luckperms-command-executor/INFO]: [LP] LOG > (cakeass) [U] (cakeass)
[00:17:54] [luckperms-command-executor/INFO]: [LP] LOG > parent add lijper
[00:18:07] [Server thread/INFO]: cakeass issued server command: /lp user anvrand parent add lijper
[00:19:26] [Server thread/INFO]: cakeass issued server command: /lp group lijper permission set chestlock.public true
[00:19:26] [luckperms-command-executor/INFO]: [LP] LOG > (cakeass) [G] (lijper)
[00:19:26] [luckperms-command-executor/INFO]: [LP] LOG > permission set chestlock.public true
[00:19:45] [Server thread/INFO]: cakeass issued server command: /chestlock public cakeass
[00:19:59] [Server thread/INFO]: cakeass issued server command: /chestlock public
[00:20:13] [Server thread/INFO]: cakeass issued server command: /chestlock public
[00:20:18] [Server thread/INFO]: cakeass issued server command: /chestlock public
[00:20:20] [Server thread/INFO]: cakeass issued server command: /chestlock public
[00:20:51] [Server thread/INFO]: cakeass issued server command: /chestlock add cakeass
[00:21:32] [Server thread/INFO]: cakeass issued server command: /lp user cakeass permission set chestlock.public true
[00:21:32] [luckperms-command-executor/INFO]: [LP] LOG > (cakeass) [U] (cakeass)
[00:21:32] [luckperms-command-executor/INFO]: [LP] LOG > permission set chestlock.public true
[00:21:50] [Server thread/INFO]: cakeass issued server command: /lp user cakeass permission set chestlock.destroy true
[00:21:50] [luckperms-command-executor/INFO]: [LP] LOG > (cakeass) [U] (cakeass)
[00:21:50] [luckperms-command-executor/INFO]: [LP] LOG > permission set chestlock.destroy true
[00:21:55] [Server thread/INFO]: cakeass issued server command: /chestlock destroy
[00:22:24] [Server thread/INFO]: cakeass issued server command: /lp group lijper permission set chestlock.remove true
[00:22:24] [luckperms-command-executor/INFO]: [LP] LOG > (cakeass) [G] (lijper)
[00:22:24] [luckperms-command-executor/INFO]: [LP] LOG > permission set chestlock.remove true
[00:22:48] [Server thread/INFO]: cakeass lost connection: Disconnected
[00:22:48] [Server thread/INFO]: cakeass left the game
[00:22:57] [Server thread/INFO]: Stopping the server
[00:22:57] [Server thread/INFO]: Stopping server
[00:22:57] [Server thread/INFO]: [ChestLock] Disabling ChestLock v1.4.4
[00:22:57] [Server thread/INFO]: [ImageFrame] Disabling ImageFrame v1.7.10.0
[00:22:57] [Server thread/INFO]: [ImageFrame] ImageFrame has been Disabled!
[00:22:57] [Server thread/INFO]: [LuckPerms] Disabling LuckPerms v5.4.131
[00:22:57] [Server thread/INFO]: [LuckPerms] Starting shutdown process...
[00:22:57] [Server thread/INFO]: [LuckPerms] Closing storage...
[00:22:57] [Server thread/INFO]: [LuckPerms] Goodbye!
[00:22:57] [Server thread/INFO]: Saving players
[00:22:57] [Server thread/INFO]: Saving worlds
[00:22:57] [Server thread/INFO]: Saving chunks for level 'ServerLevel[world]'/minecraft:overworld
[00:22:57] [Server thread/INFO]: [ca.spottedleaf.moonrise.patches.chunk_system.scheduling.ChunkHolderManager] Waiting 60s for chunk system to halt for world 'world'
[00:22:57] [Server thread/INFO]: [ca.spottedleaf.moonrise.patches.chunk_system.scheduling.ChunkHolderManager] Halted chunk system for world 'world'
[00:22:57] [Server thread/INFO]: [ca.spottedleaf.moonrise.patches.chunk_system.scheduling.ChunkHolderManager] Saving all chunkholders for world 'world'
[00:22:57] [Server thread/INFO]: [ca.spottedleaf.moonrise.patches.chunk_system.scheduling.ChunkHolderManager] Saved 0 block chunks, 67 entity chunks, 0 poi chunks in world 'world' in 0.04s
[00:22:57] [Server thread/INFO]: [ca.spottedleaf.moonrise.patches.chunk_system.scheduling.ChunkHolderManager] Waiting 60s for chunk I/O to halt for world 'world'
[00:22:57] [Server thread/INFO]: [ca.spottedleaf.moonrise.patches.chunk_system.scheduling.ChunkHolderManager] Halted I/O scheduler for world 'world'
[00:22:57] [Server thread/INFO]: Saving chunks for level 'ServerLevel[world_nether]'/minecraft:the_nether
[00:22:57] [Server thread/INFO]: [ca.spottedleaf.moonrise.patches.chunk_system.scheduling.ChunkHolderManager] Waiting 60s for chunk system to halt for world 'world_nether'
[00:22:57] [Server thread/INFO]: [ca.spottedleaf.moonrise.patches.chunk_system.scheduling.ChunkHolderManager] Halted chunk system for world 'world_nether'
[00:22:57] [Server thread/INFO]: [ca.spottedleaf.moonrise.patches.chunk_system.scheduling.ChunkHolderManager] Saving all chunkholders for world 'world_nether'
[00:22:57] [Server thread/INFO]: [ca.spottedleaf.moonrise.patches.chunk_system.scheduling.ChunkHolderManager] Saved 0 block chunks, 2 entity chunks, 0 poi chunks in world 'world_nether' in 0.01s
[00:22:57] [Server thread/INFO]: [ca.spottedleaf.moonrise.patches.chunk_system.scheduling.ChunkHolderManager] Waiting 60s for chunk I/O to halt for world 'world_nether'
[00:22:57] [Server thread/INFO]: [ca.spottedleaf.moonrise.patches.chunk_system.scheduling.ChunkHolderManager] Halted I/O scheduler for world 'world_nether'
[00:22:57] [Server thread/INFO]: Saving chunks for level 'ServerLevel[world_the_end]'/minecraft:the_end
[00:22:57] [Server thread/INFO]: [ca.spottedleaf.moonrise.patches.chunk_system.scheduling.ChunkHolderManager] Waiting 60s for chunk system to halt for world 'world_the_end'
[00:22:57] [Server thread/INFO]: [ca.spottedleaf.moonrise.patches.chunk_system.scheduling.ChunkHolderManager] Halted chunk system for world 'world_the_end'
[00:22:57] [Server thread/INFO]: [ca.spottedleaf.moonrise.patches.chunk_system.scheduling.ChunkHolderManager] Saving all chunkholders for world 'world_the_end'
[00:22:57] [Server thread/INFO]: [ca.spottedleaf.moonrise.patches.chunk_system.scheduling.ChunkHolderManager] Saved 0 block chunks, 10 entity chunks, 0 poi chunks in world 'world_the_end' in 0.01s
[00:22:57] [Server thread/INFO]: [ca.spottedleaf.moonrise.patches.chunk_system.scheduling.ChunkHolderManager] Waiting 60s for chunk I/O to halt for world 'world_the_end'
[00:22:57] [Server thread/INFO]: [ca.spottedleaf.moonrise.patches.chunk_system.scheduling.ChunkHolderManager] Halted I/O scheduler for world 'world_the_end'
[00:22:57] [Server thread/INFO]: ThreadedAnvilChunkStorage (world): All chunks are saved
[00:22:57] [Server thread/INFO]: ThreadedAnvilChunkStorage (DIM-1): All chunks are saved
[00:22:57] [Server thread/INFO]: ThreadedAnvilChunkStorage (DIM1): All chunks are saved
[00:22:57] [Server thread/INFO]: ThreadedAnvilChunkStorage: All dimensions are saved
[00:22:57] [Server thread/INFO]: Waiting for I/O tasks to complete...
[00:22:57] [Server thread/INFO]: All I/O tasks to complete
[00:22:57] [Server thread/INFO]: [ca.spottedleaf.moonrise.common.util.MoonriseCommon] Awaiting termination of worker pool for up to 60s...
[00:22:57] [Server thread/INFO]: [ca.spottedleaf.moonrise.common.util.MoonriseCommon] Awaiting termination of I/O pool for up to 60s...
